<?xml version="1.0" encoding="UTF-8"?>
<!-- Generated by org.testng.reporters.JUnitXMLReporter -->
<testsuite ignored="0" hostname="DESKTOP-GCAMRTD" failures="1" tests="3" name="error validations" time="26.355" errors="0" timestamp="2026-06-29T01:26:19 IST">
  <testcase classname="AbhayKolhePersonal.tests.ErrorValidationTest" name="logiErrorValidation" time="0.813">
    <skipped/>
  </testcase> <!-- logiErrorValidation -->
  <testcase classname="AbhayKolhePersonal.tests.ErrorValidationTest" name="logiErrorValidation" time="0.639">
    <failure type="java.lang.AssertionError" message="expected [Incorrect email or password.] but found [Incorrect ema or password.]">
      <![CDATA[java.lang.AssertionError: expected [Incorrect email or password.] but found [Incorrect ema or password.]
at AbhayKolhePersonal.tests.ErrorValidationTest.logiErrorValidation(ErrorValidationTest.java:23)
at java.base/java.util.ArrayList.forEach(ArrayList.java:1596)
at java.base/java.util.concurrent.FutureTask.run(FutureTask.java:317)
at java.base/java.util.concurrent.ThreadPoolExecutor.runWorker(ThreadPoolExecutor.java:1144)
at java.base/java.util.concurrent.ThreadPoolExecutor$Worker.run(ThreadPoolExecutor.java:642)
at java.base/java.lang.Thread.run(Thread.java:1583)
... Removed 21 stack frames]]>
    </failure>
  </testcase> <!-- logiErrorValidation -->
  <testcase classname="AbhayKolhePersonal.tests.ErrorValidationTest" name="productErrorValidation" time="3.259"/>
</testsuite> <!-- error validations -->
