<?xml version="1.0" encoding="UTF-8"?>
<!-- Generated by org.testng.reporters.JUnitXMLReporter -->
<testsuite ignored="0" hostname="DESKTOP-GCAMRTD" failures="0" tests="3" name="submit order" time="43.847" errors="0" timestamp="2026-06-29T01:26:35 IST">
  <testcase classname="AbhayKolhePersonal.tests.SubmitOrderTest" name="submitOrder" time="11.777"/>
  <testcase classname="AbhayKolhePersonal.tests.SubmitOrderTest" name="submitOrder" time="11.092"/>
  <testcase classname="AbhayKolhePersonal.tests.SubmitOrderTest" name="orderHistory" time="1.136"/>
</testsuite> <!-- submit order -->
