<?xml version="1.0" encoding="UTF-8"?>
<!-- Generated by org.testng.reporters.JUnitReportReporter -->
<testsuite hostname="DESKTOP-GCAMRTD" failures="0" tests="3" name="AbhayKolhePersonal.tests.SubmitOrderTest" time="43.293" errors="0" timestamp="2026-06-29T01:26:36 IST" skipped="0">
  <testcase classname="AbhayKolhePersonal.tests.SubmitOrderTest" name="submitOrder" time="15.523"/>
  <testcase classname="AbhayKolhePersonal.tests.SubmitOrderTest" name="orderHistory" time="11.857"/>
  <testcase classname="AbhayKolhePersonal.tests.SubmitOrderTest" name="submitOrder" time="15.913"/>
</testsuite> <!-- AbhayKolhePersonal.tests.SubmitOrderTest -->
